[0406/203047.302:ERROR:process_memory_win.cc(73)] ReadMemory at 0x20ec2d474e0 of 72 bytes failed: Only part of a ReadProcessMemory or WriteProcessMemory request was completed. (0x12B)
[0406/203047.303:WARNING:pe_image_annotations_reader.cc(134)] could not read annotations list object in C:\Program Files (x86)\Google\Chrome\Application\80.0.3987.149\chrome.dll
[0406/203047.343:ERROR:process_memory_win.cc(73)] ReadMemory at 0x7ff6a91f0000 of 64 bytes failed: Only part of a ReadProcessMemory or WriteProcessMemory request was completed. (0x12B)
[0406/203047.343:WARNING:pe_image_reader.cc(340)] could not read dos header from C:\Program Files (x86)\Google\Chrome\Application\chrome.exe
[0406/203047.344:ERROR:process_memory_win.cc(73)] ReadMemory at 0x20ec2b93f20 of 72 bytes failed: Only part of a ReadProcessMemory or WriteProcessMemory request was completed. (0x12B)
[0406/203047.350:WARNING:pe_image_annotations_reader.cc(134)] could not read annotations list object in C:\Program Files (x86)\Google\Chrome\Application\80.0.3987.149\chrome_elf.dll
[0406/203047.351:ERROR:process_memory_win.cc(73)] ReadMemory at 0x7ffc97260000 of 64 bytes failed: Only part of a ReadProcessMemory or WriteProcessMemory request was completed. (0x12B)
[0406/203047.351:WARNING:pe_image_reader.cc(340)] could not read dos header from C:\Program Files (x86)\Google\Chrome\Application\80.0.3987.149\chrome.dll
[0406/203047.352:ERROR:process_memory_win.cc(73)] ReadMemory at 0x7ff6a91f0000 of 64 bytes failed: Only part of a ReadProcessMemory or WriteProcessMemory request was completed. (0x12B)
[0406/203047.352:WARNING:pe_image_reader.cc(340)] could not read dos header from C:\Program Files (x86)\Google\Chrome\Application\chrome.exe
[0406/203047.352:ERROR:process_memory_win.cc(73)] ReadMemory at 0x20ec2b93f20 of 72 bytes failed: Only part of a ReadProcessMemory or WriteProcessMemory request was completed. (0x12B)
[0406/203047.352:WARNING:pe_image_annotations_reader.cc(134)] could not read annotations list object in C:\Program Files (x86)\Google\Chrome\Application\80.0.3987.149\chrome_elf.dll
[0406/203047.352:ERROR:process_memory_win.cc(73)] ReadMemory at 0x7ffc97260000 of 64 bytes failed: Only part of a ReadProcessMemory or WriteProcessMemory request was completed. (0x12B)
[0406/203047.352:WARNING:pe_image_reader.cc(340)] could not read dos header from C:\Program Files (x86)\Google\Chrome\Application\80.0.3987.149\chrome.dll
[0406/203047.379:ERROR:process_memory_win.cc(73)] ReadMemory at 0x179b7e8000 of 98304 bytes failed: Only part of a ReadProcessMemory or WriteProcessMemory request was completed. (0x12B)
[0406/203047.379:ERROR:process_memory_win.cc(73)] ReadMemory at 0x179bffd000 of 12288 bytes failed: Only part of a ReadProcessMemory or WriteProcessMemory request was completed. (0x12B)
[0406/203047.380:ERROR:process_memory_win.cc(73)] ReadMemory at 0x179cffc000 of 16384 bytes failed: Only part of a ReadProcessMemory or WriteProcessMemory request was completed. (0x12B)
[0406/203047.380:ERROR:process_memory_win.cc(73)] ReadMemory at 0x179d7fc000 of 16384 bytes failed: Only part of a ReadProcessMemory or WriteProcessMemory request was completed. (0x12B)
[0406/203047.380:ERROR:process_memory_win.cc(73)] ReadMemory at 0x179dffe000 of 8192 bytes failed: Only part of a ReadProcessMemory or WriteProcessMemory request was completed. (0x12B)
[0406/203047.380:ERROR:process_memory_win.cc(73)] ReadMemory at 0x179e7fd000 of 12288 bytes failed: Only part of a ReadProcessMemory or WriteProcessMemory request was completed. (0x12B)
[0406/203047.380:ERROR:process_memory_win.cc(73)] ReadMemory at 0x179effb000 of 20480 bytes failed: Only part of a ReadProcessMemory or WriteProcessMemory request was completed. (0x12B)
[0406/203047.380:ERROR:process_memory_win.cc(73)] ReadMemory at 0x179fffd000 of 12288 bytes failed: Only part of a ReadProcessMemory or WriteProcessMemory request was completed. (0x12B)
[0406/203047.380:ERROR:process_memory_win.cc(73)] ReadMemory at 0x17a07f9000 of 28672 bytes failed: Only part of a ReadProcessMemory or WriteProcessMemory request was completed. (0x12B)
[0406/203047.380:ERROR:process_memory_win.cc(73)] ReadMemory at 0x17a0ff9000 of 28672 bytes failed: Only part of a ReadProcessMemory or WriteProcessMemory request was completed. (0x12B)
[0406/203047.381:ERROR:process_memory_win.cc(73)] ReadMemory at 0x17a17fc000 of 16384 bytes failed: Only part of a ReadProcessMemory or WriteProcessMemory request was completed. (0x12B)
[0406/203047.381:ERROR:process_memory_win.cc(73)] ReadMemory at 0x17a27f8000 of 32768 bytes failed: Only part of a ReadProcessMemory or WriteProcessMemory request was completed. (0x12B)
[0406/203047.381:ERROR:process_memory_win.cc(73)] ReadMemory at 0x179c7fd000 of 12288 bytes failed: Only part of a ReadProcessMemory or WriteProcessMemory request was completed. (0x12B)
[0406/203047.381:ERROR:process_memory_win.cc(73)] ReadMemory at 0x179f7fc000 of 16384 bytes failed: Only part of a ReadProcessMemory or WriteProcessMemory request was completed. (0x12B)
[0406/203047.381:ERROR:process_memory_win.cc(73)] ReadMemory at 0x17a1ffe000 of 8192 bytes failed: Only part of a ReadProcessMemory or WriteProcessMemory request was completed. (0x12B)
[0406/203047.381:ERROR:process_memory_win.cc(73)] ReadMemory at 0x17a2ffc000 of 16384 bytes failed: Only part of a ReadProcessMemory or WriteProcessMemory request was completed. (0x12B)
[0406/203047.381:ERROR:process_memory_win.cc(73)] ReadMemory at 0x17a37fd000 of 12288 bytes failed: Only part of a ReadProcessMemory or WriteProcessMemory request was completed. (0x12B)
[0406/203047.381:ERROR:process_memory_win.cc(73)] ReadMemory at 0x179ae56000 of 6024 bytes failed: Only part of a ReadProcessMemory or WriteProcessMemory request was completed. (0x12B)
[0406/203047.381:ERROR:process_memory_win.cc(73)] ReadMemory at 0x179ae8c000 of 6024 bytes failed: Only part of a ReadProcessMemory or WriteProcessMemory request was completed. (0x12B)
[0406/203047.381:ERROR:process_memory_win.cc(73)] ReadMemory at 0x179ae90000 of 6024 bytes failed: Only part of a ReadProcessMemory or WriteProcessMemory request was completed. (0x12B)
[0406/203047.381:ERROR:process_memory_win.cc(73)] ReadMemory at 0x179ae96000 of 6024 bytes failed: Only part of a ReadProcessMemory or WriteProcessMemory request was completed. (0x12B)
[0406/203047.382:ERROR:process_memory_win.cc(73)] ReadMemory at 0x179ae98000 of 6024 bytes failed: Only part of a ReadProcessMemory or WriteProcessMemory request was completed. (0x12B)
[0406/203047.382:ERROR:process_memory_win.cc(73)] ReadMemory at 0x179afb7000 of 852 bytes failed: Only part of a ReadProcessMemory or WriteProcessMemory request was completed. (0x12B)
[0406/203047.382:ERROR:process_memory_win.cc(73)] ReadMemory at 0x179afb8000 of 6024 bytes failed: Only part of a ReadProcessMemory or WriteProcessMemory request was completed. (0x12B)
[0406/203047.382:ERROR:process_memory_win.cc(73)] ReadMemory at 0x179afba000 of 6024 bytes failed: Only part of a ReadProcessMemory or WriteProcessMemory request was completed. (0x12B)
[0406/203047.382:ERROR:process_memory_win.cc(73)] ReadMemory at 0x179afbe000 of 6024 bytes failed: Only part of a ReadProcessMemory or WriteProcessMemory request was completed. (0x12B)
[0406/203047.382:ERROR:process_memory_win.cc(73)] ReadMemory at 0x179afc0000 of 6024 bytes failed: Only part of a ReadProcessMemory or WriteProcessMemory request was completed. (0x12B)
[0406/203047.382:ERROR:process_memory_win.cc(73)] ReadMemory at 0x179afc2000 of 6024 bytes failed: Only part of a ReadProcessMemory or WriteProcessMemory request was completed. (0x12B)
[0406/203047.382:ERROR:process_memory_win.cc(73)] ReadMemory at 0x179afc4000 of 6024 bytes failed: Only part of a ReadProcessMemory or WriteProcessMemory request was completed. (0x12B)
[0406/203047.382:ERROR:process_memory_win.cc(73)] ReadMemory at 0x179afc6000 of 6024 bytes failed: Only part of a ReadProcessMemory or WriteProcessMemory request was completed. (0x12B)
[0406/203047.382:ERROR:process_memory_win.cc(73)] ReadMemory at 0x179afca000 of 6024 bytes failed: Only part of a ReadProcessMemory or WriteProcessMemory request was completed. (0x12B)
[0406/203047.383:ERROR:process_memory_win.cc(73)] ReadMemory at 0x179afcc000 of 6024 bytes failed: Only part of a ReadProcessMemory or WriteProcessMemory request was completed. (0x12B)
[0406/203047.383:ERROR:process_memory_win.cc(73)] ReadMemory at 0x179afce000 of 6024 bytes failed: Only part of a ReadProcessMemory or WriteProcessMemory request was completed. (0x12B)
[0406/203047.383:ERROR:process_memory_win.cc(73)] ReadMemory at 0x179afd0000 of 6024 bytes failed: Only part of a ReadProcessMemory or WriteProcessMemory request was completed. (0x12B)
[0406/203047.383:ERROR:process_memory_win.cc(73)] ReadMemory at 0x179afde000 of 6024 bytes failed: Only part of a ReadProcessMemory or WriteProcessMemory request was completed. (0x12B)
[0406/203047.383:ERROR:process_memory_win.cc(73)] ReadMemory at 0x11f57ab2e48 of 512 bytes failed: Only part of a ReadProcessMemory or WriteProcessMemory request was completed. (0x12B)
[0406/203047.383:ERROR:process_memory_win.cc(73)] ReadMemory at 0x20ec2820750 of 80 bytes failed: Only part of a ReadProcessMemory or WriteProcessMemory request was completed. (0x12B)
[0406/203047.384:ERROR:process_memory_win.cc(73)] ReadMemory at 0x20ec2820ad0 of 512 bytes failed: Only part of a ReadProcessMemory or WriteProcessMemory request was completed. (0x12B)
[0406/203047.384:ERROR:process_memory_win.cc(73)] ReadMemory at 0x20ec2820fe0 of 18116 bytes failed: Only part of a ReadProcessMemory or WriteProcessMemory request was completed. (0x12B)
[0406/203047.384:ERROR:process_memory_win.cc(73)] ReadMemory at 0x20ec28256b0 of 1012 bytes failed: Only part of a ReadProcessMemory or WriteProcessMemory request was completed. (0x12B)
[0406/203047.384:ERROR:process_memory_win.cc(73)] ReadMemory at 0x20ec2825cf8 of 118 bytes failed: Only part of a ReadProcessMemory or WriteProcessMemory request was completed. (0x12B)
[0406/203047.384:ERROR:process_memory_win.cc(73)] ReadMemory at 0x20ec2825d70 of 808 bytes failed: Only part of a ReadProcessMemory or WriteProcessMemory request was completed. (0x12B)
[0406/203047.384:ERROR:process_memory_win.cc(73)] ReadMemory at 0x20ec282609a of 118 bytes failed: Only part of a ReadProcessMemory or WriteProcessMemory request was completed. (0x12B)
[0406/203047.384:ERROR:process_memory_win.cc(73)] ReadMemory at 0x20ec2826112 of 96 bytes failed: Only part of a ReadProcessMemory or WriteProcessMemory request was completed. (0x12B)
[0406/203047.384:ERROR:process_memory_win.cc(73)] ReadMemory at 0x20ec2826180 of 58 bytes failed: Only part of a ReadProcessMemory or WriteProcessMemory request was completed. (0x12B)
[0406/203047.384:ERROR:process_memory_win.cc(73)] ReadMemory at 0x20ec2826280 of 132 bytes failed: Only part of a ReadProcessMemory or WriteProcessMemory request was completed. (0x12B)
[0406/203047.384:ERROR:process_memory_win.cc(73)] ReadMemory at 0x20ec2826410 of 132 bytes failed: Only part of a ReadProcessMemory or WriteProcessMemory request was completed. (0x12B)
[0406/203047.384:ERROR:process_memory_win.cc(73)] ReadMemory at 0x20ec28265d0 of 126 bytes failed: Only part of a ReadProcessMemory or WriteProcessMemory request was completed. (0x12B)
[0406/203047.384:ERROR:process_memory_win.cc(73)] ReadMemory at 0x20ec28269b0 of 132 bytes failed: Only part of a ReadProcessMemory or WriteProcessMemory request was completed. (0x12B)
[0406/203047.384:ERROR:process_memory_win.cc(73)] ReadMemory at 0x20ec2826b40 of 64 bytes failed: Only part of a ReadProcessMemory or WriteProcessMemory request was completed. (0x12B)
[0406/203047.385:ERROR:process_memory_win.cc(73)] ReadMemory at 0x20ec2826b90 of 132 bytes failed: Only part of a ReadProcessMemory or WriteProcessMemory request was completed. (0x12B)
[0406/203047.385:ERROR:process_memory_win.cc(73)] ReadMemory at 0x20ec2826d00 of 132 bytes failed: Only part of a ReadProcessMemory or WriteProcessMemory request was completed. (0x12B)
[0406/203047.385:ERROR:process_memory_win.cc(73)] ReadMemory at 0x20ec2826fa0 of 132 bytes failed: Only part of a ReadProcessMemory or WriteProcessMemory request was completed. (0x12B)
[0406/203047.385:ERROR:process_memory_win.cc(73)] ReadMemory at 0x20ec2827130 of 68 bytes failed: Only part of a ReadProcessMemory or WriteProcessMemory request was completed. (0x12B)
[0406/203047.385:ERROR:process_memory_win.cc(73)] ReadMemory at 0x20ec2828210 of 132 bytes failed: Only part of a ReadProcessMemory or WriteProcessMemory request was completed. (0x12B)
[0406/203047.385:ERROR:process_memory_win.cc(73)] ReadMemory at 0x20ec28283a0 of 154 bytes failed: Only part of a ReadProcessMemory or WriteProcessMemory request was completed. (0x12B)
[0406/203047.385:ERROR:process_memory_win.cc(73)] ReadMemory at 0x20ec2828fcc of 512 bytes failed: Only part of a ReadProcessMemory or WriteProcessMemory request was completed. (0x12B)
[0406/203047.385:ERROR:process_memory_win.cc(73)] ReadMemory at 0x20ec282a9b0 of 62 bytes failed: Only part of a ReadProcessMemory or WriteProcessMemory request was completed. (0x12B)
[0406/203047.385:ERROR:process_memory_win.cc(73)] ReadMemory at 0x20ec282aa30 of 146 bytes failed: Only part of a ReadProcessMemory or WriteProcessMemory request was completed. (0x12B)
[0406/203047.386:ERROR:process_memory_win.cc(73)] ReadMemory at 0x20ec282ab10 of 132 bytes failed: Only part of a ReadProcessMemory or WriteProcessMemory request was completed. (0x12B)
[0406/203047.386:ERROR:process_memory_win.cc(73)] ReadMemory at 0x20ec282aca0 of 60 bytes failed: Only part of a ReadProcessMemory or WriteProcessMemory request was completed. (0x12B)
[0406/203047.386:ERROR:process_memory_win.cc(73)] ReadMemory at 0x20ec282af90 of 132 bytes failed: Only part of a ReadProcessMemory or WriteProcessMemory request was completed. (0x12B)
[0406/203047.386:ERROR:process_memory_win.cc(73)] ReadMemory at 0x20ec282b1b0 of 132 bytes failed: Only part of a ReadProcessMemory or WriteProcessMemory request was completed. (0x12B)
[0406/203047.386:ERROR:process_memory_win.cc(73)] ReadMemory at 0x20ec282b4e0 of 132 bytes failed: Only part of a ReadProcessMemory or WriteProcessMemory request was completed. (0x12B)
[0406/203047.386:ERROR:process_memory_win.cc(73)] ReadMemory at 0x20ec282e520 of 60 bytes failed: Only part of a ReadProcessMemory or WriteProcessMemory request was completed. (0x12B)
[0406/203047.386:ERROR:process_memory_win.cc(73)] ReadMemory at 0x20ec282e570 of 66 bytes failed: Only part of a ReadProcessMemory or WriteProcessMemory request was completed. (0x12B)
[0406/203047.386:ERROR:process_memory_win.cc(73)] ReadMemory at 0x20ec282e5c0 of 60 bytes failed: Only part of a ReadProcessMemory or WriteProcessMemory request was completed. (0x12B)
[0406/203047.386:ERROR:process_memory_win.cc(73)] ReadMemory at 0x20ec282e610 of 64 bytes failed: Only part of a ReadProcessMemory or WriteProcessMemory request was completed. (0x12B)
[0406/203047.386:ERROR:process_memory_win.cc(73)] ReadMemory at 0x20ec282e6b0 of 64 bytes failed: Only part of a ReadProcessMemory or WriteProcessMemory request was completed. (0x12B)
[0406/203047.386:ERROR:process_memory_win.cc(73)] ReadMemory at 0x20ec282e700 of 62 bytes failed: Only part of a ReadProcessMemory or WriteProcessMemory request was completed. (0x12B)
[0406/203047.386:ERROR:process_memory_win.cc(73)] ReadMemory at 0x20ec282e750 of 64 bytes failed: Only part of a ReadProcessMemory or WriteProcessMemory request was completed. (0x12B)
[0406/203047.387:ERROR:process_memory_win.cc(73)] ReadMemory at 0x20ec282e890 of 62 bytes failed: Only part of a ReadProcessMemory or WriteProcessMemory request was completed. (0x12B)
[0406/203047.387:ERROR:process_memory_win.cc(73)] ReadMemory at 0x20ec282e9d0 of 64 bytes failed: Only part of a ReadProcessMemory or WriteProcessMemory request was completed. (0x12B)
[0406/203047.387:ERROR:process_memory_win.cc(73)] ReadMemory at 0x20ec282ebf0 of 132 bytes failed: Only part of a ReadProcessMemory or WriteProcessMemory request was completed. (0x12B)
[0406/203047.387:ERROR:process_memory_win.cc(73)] ReadMemory at 0x20ec282ed20 of 132 bytes failed: Only part of a ReadProcessMemory or WriteProcessMemory request was completed. (0x12B)
[0406/203047.387:ERROR:process_memory_win.cc(73)] ReadMemory at 0x20ec282ee50 of 132 bytes failed: Only part of a ReadProcessMemory or WriteProcessMemory request was completed. (0x12B)
[0406/203047.387:ERROR:process_memory_win.cc(73)] ReadMemory at 0x20ec282ef80 of 132 bytes failed: Only part of a ReadProcessMemory or WriteProcessMemory request was completed. (0x12B)
[0406/203047.387:ERROR:process_memory_win.cc(73)] ReadMemory at 0x20ec282f0b0 of 132 bytes failed: Only part of a ReadProcessMemory or WriteProcessMemory request was completed. (0x12B)
[0406/203047.387:ERROR:process_memory_win.cc(73)] ReadMemory at 0x20ec282f1e0 of 132 bytes failed: Only part of a ReadProcessMemory or WriteProcessMemory request was completed. (0x12B)
[0406/203047.387:ERROR:process_memory_win.cc(73)] ReadMemory at 0x20ec282f310 of 132 bytes failed: Only part of a ReadProcessMemory or WriteProcessMemory request was completed. (0x12B)
[0406/203047.387:ERROR:process_memory_win.cc(73)] ReadMemory at 0x20ec282f440 of 132 bytes failed: Only part of a ReadProcessMemory or WriteProcessMemory request was completed. (0x12B)
[0406/203047.387:ERROR:process_memory_win.cc(73)] ReadMemory at 0x20ec282f570 of 132 bytes failed: Only part of a ReadProcessMemory or WriteProcessMemory request was completed. (0x12B)
[0406/203047.387:ERROR:process_memory_win.cc(73)] ReadMemory at 0x20ec282f6a0 of 132 bytes failed: Only part of a ReadProcessMemory or WriteProcessMemory request was completed. (0x12B)
[0406/203047.387:ERROR:process_memory_win.cc(73)] ReadMemory at 0x20ec282f7d0 of 132 bytes failed: Only part of a ReadProcessMemory or WriteProcessMemory request was completed. (0x12B)
[0406/203047.387:ERROR:process_memory_win.cc(73)] ReadMemory at 0x20ec282fa30 of 132 bytes failed: Only part of a ReadProcessMemory or WriteProcessMemory request was completed. (0x12B)
[0406/203047.388:ERROR:process_memory_win.cc(73)] ReadMemory at 0x20ec2831e60 of 54 bytes failed: Only part of a ReadProcessMemory or WriteProcessMemory request was completed. (0x12B)
[0406/203047.388:ERROR:process_memory_win.cc(73)] ReadMemory at 0x20ec28329e0 of 132 bytes failed: Only part of a ReadProcessMemory or WriteProcessMemory request was completed. (0x12B)
[0406/203047.388:ERROR:process_memory_win.cc(73)] ReadMemory at 0x20ec2832c50 of 132 bytes failed: Only part of a ReadProcessMemory or WriteProcessMemory request was completed. (0x12B)
[0406/203047.388:ERROR:process_memory_win.cc(73)] ReadMemory at 0x20ec2832e60 of 132 bytes failed: Only part of a ReadProcessMemory or WriteProcessMemory request was completed. (0x12B)
[0406/203047.388:ERROR:process_memory_win.cc(73)] ReadMemory at 0x20ec2833810 of 132 bytes failed: Only part of a ReadProcessMemory or WriteProcessMemory request was completed. (0x12B)
[0406/203047.388:ERROR:process_memory_win.cc(73)] ReadMemory at 0x20ec28392a0 of 132 bytes failed: Only part of a ReadProcessMemory or WriteProcessMemory request was completed. (0x12B)
[0406/203047.388:ERROR:process_memory_win.cc(73)] ReadMemory at 0x20ec2839be0 of 132 bytes failed: Only part of a ReadProcessMemory or WriteProcessMemory request was completed. (0x12B)
[0406/203047.388:ERROR:process_memory_win.cc(73)] ReadMemory at 0x20ec283a560 of 76 bytes failed: Only part of a ReadProcessMemory or WriteProcessMemory request was completed. (0x12B)
[0406/203047.388:ERROR:process_memory_win.cc(73)] ReadMemory at 0x20ec283ac20 of 80 bytes failed: Only part of a ReadProcessMemory or WriteProcessMemory request was completed. (0x12B)
[0406/203047.388:ERROR:process_memory_win.cc(73)] ReadMemory at 0x20ec283b0c0 of 64 bytes failed: Only part of a ReadProcessMemory or WriteProcessMemory request was completed. (0x12B)
[0406/203047.388:ERROR:process_memory_win.cc(73)] ReadMemory at 0x20ec283b110 of 62 bytes failed: Only part of a ReadProcessMemory or WriteProcessMemory request was completed. (0x12B)
[0406/203047.388:ERROR:process_memory_win.cc(73)] ReadMemory at 0x20ec283b4d0 of 62 bytes failed: Only part of a ReadProcessMemory or WriteProcessMemory request was completed. (0x12B)
[0406/203047.388:ERROR:process_memory_win.cc(73)] ReadMemory at 0x20ec283b570 of 62 bytes failed: Only part of a ReadProcessMemory or WriteProcessMemory request was completed. (0x12B)
[0406/203047.389:ERROR:process_memory_win.cc(73)] ReadMemory at 0x20ec283b5c0 of 60 bytes failed: Only part of a ReadProcessMemory or WriteProcessMemory request was completed. (0x12B)
[0406/203047.389:ERROR:process_memory_win.cc(73)] ReadMemory at 0x20ec283b7a0 of 62 bytes failed: Only part of a ReadProcessMemory or WriteProcessMemory request was completed. (0x12B)
[0406/203047.389:ERROR:process_memory_win.cc(73)] ReadMemory at 0x20ec283b7f0 of 64 bytes failed: Only part of a ReadProcessMemory or WriteProcessMemory request was completed. (0x12B)
[0406/203047.389:ERROR:process_memory_win.cc(73)] ReadMemory at 0x20ec283b840 of 60 bytes failed: Only part of a ReadProcessMemory or WriteProcessMemory request was completed. (0x12B)
[0406/203047.389:ERROR:process_memory_win.cc(73)] ReadMemory at 0x20ec283b8e0 of 62 bytes failed: Only part of a ReadProcessMemory or WriteProcessMemory request was completed. (0x12B)
[0406/203047.389:ERROR:process_memory_win.cc(73)] ReadMemory at 0x20ec283b930 of 66 bytes failed: Only part of a ReadProcessMemory or WriteProcessMemory request was completed. (0x12B)
[0406/203047.389:ERROR:process_memory_win.cc(73)] ReadMemory at 0x20ec283b980 of 64 bytes failed: Only part of a ReadProcessMemory or WriteProcessMemory request was completed. (0x12B)
[0406/203047.389:ERROR:process_memory_win.cc(73)] ReadMemory at 0x20ec283b9d0 of 60 bytes failed: Only part of a ReadProcessMemory or WriteProcessMemory request was completed. (0x12B)
[0406/203047.389:ERROR:process_memory_win.cc(73)] ReadMemory at 0x20ec283ba70 of 58 bytes failed: Only part of a ReadProcessMemory or WriteProcessMemory request was completed. (0x12B)
[0406/203047.389:ERROR:process_memory_win.cc(73)] ReadMemory at 0x20ec283bac0 of 60 bytes failed: Only part of a ReadProcessMemory or WriteProcessMemory request was completed. (0x12B)
[0406/203047.389:ERROR:process_memory_win.cc(73)] ReadMemory at 0x20ec283bb60 of 62 bytes failed: Only part of a ReadProcessMemory or WriteProcessMemory request was completed. (0x12B)
[0406/203047.390:ERROR:process_memory_win.cc(73)] ReadMemory at 0x20ec283bbb0 of 64 bytes failed: Only part of a ReadProcessMemory or WriteProcessMemory request was completed. (0x12B)
[0406/203047.390:ERROR:process_memory_win.cc(73)] ReadMemory at 0x20ec283bd90 of 62 bytes failed: Only part of a ReadProcessMemory or WriteProcessMemory request was completed. (0x12B)
[0406/203047.390:ERROR:process_memory_win.cc(73)] ReadMemory at 0x20ec283bde0 of 62 bytes failed: Only part of a ReadProcessMemory or WriteProcessMemory request was completed. (0x12B)
[0406/203047.390:ERROR:process_memory_win.cc(73)] ReadMemory at 0x20ec283bfe0 of 132 bytes failed: Only part of a ReadProcessMemory or WriteProcessMemory request was completed. (0x12B)
[0406/203047.390:ERROR:process_memory_win.cc(73)] ReadMemory at 0x20ec283c5d0 of 132 bytes failed: Only part of a ReadProcessMemory or WriteProcessMemory request was completed. (0x12B)
[0406/203047.390:ERROR:process_memory_win.cc(73)] ReadMemory at 0x20ec283c700 of 132 bytes failed: Only part of a ReadProcessMemory or WriteProcessMemory request was completed. (0x12B)
[0406/203047.390:ERROR:process_memory_win.cc(73)] ReadMemory at 0x20ec283c830 of 132 bytes failed: Only part of a ReadProcessMemory or WriteProcessMemory request was completed. (0x12B)
[0406/203047.390:ERROR:process_memory_win.cc(73)] ReadMemory at 0x20ec283c960 of 132 bytes failed: Only part of a ReadProcessMemory or WriteProcessMemory request was completed. (0x12B)
[0406/203047.391:ERROR:process_memory_win.cc(73)] ReadMemory at 0x20ec283ce20 of 132 bytes failed: Only part of a ReadProcessMemory or WriteProcessMemory request was completed. (0x12B)
[0406/203047.391:ERROR:process_memory_win.cc(73)] ReadMemory at 0x20ec283d2e0 of 132 bytes failed: Only part of a ReadProcessMemory or WriteProcessMemory request was completed. (0x12B)
[0406/203047.391:ERROR:process_memory_win.cc(73)] ReadMemory at 0x20ec283d670 of 132 bytes failed: Only part of a ReadProcessMemory or WriteProcessMemory request was completed. (0x12B)
[0406/203047.391:ERROR:process_memory_win.cc(73)] ReadMemory at 0x20ec283d7a0 of 132 bytes failed: Only part of a ReadProcessMemory or WriteProcessMemory request was completed. (0x12B)
[0406/203047.391:ERROR:process_memory_win.cc(73)] ReadMemory at 0x20ec283db30 of 132 bytes failed: Only part of a ReadProcessMemory or WriteProcessMemory request was completed. (0x12B)
[0406/203047.391:ERROR:process_memory_win.cc(73)] ReadMemory at 0x20ec2853d60 of 512 bytes failed: Only part of a ReadProcessMemory or WriteProcessMemory request was completed. (0x12B)
[0406/203047.391:ERROR:process_memory_win.cc(73)] ReadMemory at 0x20ec2854b00 of 512 bytes failed: Only part of a ReadProcessMemory or WriteProcessMemory request was completed. (0x12B)
[0406/203047.391:ERROR:process_memory_win.cc(73)] ReadMemory at 0x20ec285d2d0 of 512 bytes failed: Only part of a ReadProcessMemory or WriteProcessMemory request was completed. (0x12B)
[0406/203047.391:ERROR:process_memory_win.cc(73)] ReadMemory at 0x20ec285d650 of 512 bytes failed: Only part of a ReadProcessMemory or WriteProcessMemory request was completed. (0x12B)
[0406/203047.391:ERROR:process_memory_win.cc(73)] ReadMemory at 0x20ec2d79060 of 512 bytes failed: Only part of a ReadProcessMemory or WriteProcessMemory request was completed. (0x12B)
[0406/203047.391:ERROR:process_memory_win.cc(73)] ReadMemory at 0x20ec2d864c0 of 512 bytes failed: Only part of a ReadProcessMemory or WriteProcessMemory request was completed. (0x12B)
[0406/203047.392:ERROR:process_memory_win.cc(73)] ReadMemory at 0x20ec2d8d018 of 944 bytes failed: Only part of a ReadProcessMemory or WriteProcessMemory request was completed. (0x12B)
[0406/203047.392:ERROR:process_memory_win.cc(73)] ReadMemory at 0x20ec2d8dbe8 of 512 bytes failed: Only part of a ReadProcessMemory or WriteProcessMemory request was completed. (0x12B)
[0406/203047.392:ERROR:process_memory_win.cc(73)] ReadMemory at 0x20ec2d93140 of 512 bytes failed: Only part of a ReadProcessMemory or WriteProcessMemory request was completed. (0x12B)
[0406/203047.392:ERROR:process_memory_win.cc(73)] ReadMemory at 0x20ec2db7d80 of 712 bytes failed: Only part of a ReadProcessMemory or WriteProcessMemory request was completed. (0x12B)
[0406/203047.392:ERROR:process_memory_win.cc(73)] ReadMemory at 0x20ec2dba180 of 512 bytes failed: Only part of a ReadProcessMemory or WriteProcessMemory request was completed. (0x12B)
[0406/203047.392:ERROR:process_memory_win.cc(73)] ReadMemory at 0x20ec2dbb2e0 of 512 bytes failed: Only part of a ReadProcessMemory or WriteProcessMemory request was completed. (0x12B)
[0406/203047.392:ERROR:process_memory_win.cc(73)] ReadMemory at 0x20ec2df1ed0 of 512 bytes failed: Only part of a ReadProcessMemory or WriteProcessMemory request was completed. (0x12B)
[0406/203047.392:ERROR:process_memory_win.cc(73)] ReadMemory at 0x20ec4b30000 of 384 bytes failed: Only part of a ReadProcessMemory or WriteProcessMemory request was completed. (0x12B)
[0406/203047.392:ERROR:process_memory_win.cc(73)] ReadMemory at 0x20ec4b9a900 of 512 bytes failed: Only part of a ReadProcessMemory or WriteProcessMemory request was completed. (0x12B)
[0406/203047.392:ERROR:process_memory_win.cc(73)] ReadMemory at 0x20ec4cc6890 of 512 bytes failed: Only part of a ReadProcessMemory or WriteProcessMemory request was completed. (0x12B)
[0406/203047.392:ERROR:process_memory_win.cc(73)] ReadMemory at 0x20ec4d2e9c0 of 512 bytes failed: Only part of a ReadProcessMemory or WriteProcessMemory request was completed. (0x12B)
[0406/203047.392:ERROR:process_memory_win.cc(73)] ReadMemory at 0x20ec5167730 of 712 bytes failed: Only part of a ReadProcessMemory or WriteProcessMemory request was completed. (0x12B)
[0406/203047.393:ERROR:process_memory_win.cc(73)] ReadMemory at 0x20ec5196ee8 of 512 bytes failed: Only part of a ReadProcessMemory or WriteProcessMemory request was completed. (0x12B)
[0406/203047.393:ERROR:process_memory_win.cc(73)] ReadMemory at 0x20ec51a69e0 of 512 bytes failed: Only part of a ReadProcessMemory or WriteProcessMemory request was completed. (0x12B)
[0406/203047.393:ERROR:process_memory_win.cc(73)] ReadMemory at 0x20ec52a9020 of 512 bytes failed: Only part of a ReadProcessMemory or WriteProcessMemory request was completed. (0x12B)
[0406/203047.393:ERROR:process_memory_win.cc(73)] ReadMemory at 0x20ec52d1dd0 of 520 bytes failed: Only part of a ReadProcessMemory or WriteProcessMemory request was completed. (0x12B)
[0406/203047.393:ERROR:process_memory_win.cc(73)] ReadMemory at 0x20ec563ef70 of 512 bytes failed: Only part of a ReadProcessMemory or WriteProcessMemory request was completed. (0x12B)
[0406/203047.393:ERROR:process_memory_win.cc(73)] ReadMemory at 0x20ec565a7c8 of 512 bytes failed: Only part of a ReadProcessMemory or WriteProcessMemory request was completed. (0x12B)
[0406/203047.393:ERROR:process_memory_win.cc(73)] ReadMemory at 0x20ec56a5410 of 512 bytes failed: Only part of a ReadProcessMemory or WriteProcessMemory request was completed. (0x12B)
[0406/203047.393:ERROR:process_memory_win.cc(73)] ReadMemory at 0x163a79461000 of 440 bytes failed: Only part of a ReadProcessMemory or WriteProcessMemory request was completed. (0x12B)
[0406/203047.393:ERROR:process_memory_win.cc(73)] ReadMemory at 0x1d3b0edc8fa0 of 512 bytes failed: Only part of a ReadProcessMemory or WriteProcessMemory request was completed. (0x12B)
[0406/203047.394:ERROR:process_memory_win.cc(73)] ReadMemory at 0x4f8ed81331a0 of 512 bytes failed: Only part of a ReadProcessMemory or WriteProcessMemory request was completed. (0x12B)
[0406/203047.394:ERROR:process_memory_win.cc(73)] ReadMemory at 0x51c40a36c381 of 512 bytes failed: Only part of a ReadProcessMemory or WriteProcessMemory request was completed. (0x12B)
[0406/203047.397:ERROR:scoped_process_suspend.cc(40)] NtResumeProcess: An attempt was made to access an exiting process. (0xc000010a)
